a = 10
10
b = 12
12
c = a+b
22
a = 'Hello'
"Hello"
a = 10.5
10.5
a = true
true
a = "Hello"
"Hello"
typeof(a)
"string"
a = 12
12
typeof(a)
"number"
a = 10.5
10.5
typeof(a)
"number"
a = "10"
"10"
typeof(a)
"string"
b = 10
10
a+b
"1010"
c = 12
12
a+b+c
"101012"
c+b+a
"2210"
a == b
true
c = "@"
"@"
a == c
false
a === b
false
document
#document<html>​<head>​</head>​<body>​</body>​</html>​
arr = [1,2,2,3,4,55,6,546,5765]
(9) [1, 2, 2, 3, 4, 55, 6, 546, 5765]
var a = 10;
undefined
a
10
b = 10
10
function show(){
}
undefined
function show(){
console.log("Hello world")
}
undefined
show()
VM408:2 Hello world
undefined
function add(x,y){
return x+y
}
undefined
add()
NaN
add(2)
NaN
add(2,3)
5
add(2,3,4)
5
function add(){
x = 11;
y = 12;
console.log(x+y)
}
undefined
x
VM518:1 Uncaught ReferenceError: x is not defined
    at <anonymous>:1:1
(anonymous) @ VM518:1
add()
VM514:4 23
undefined
x
11
function add(){
var x1 = 11;
var y1 = 12;
console.log(x1+y1)
}
undefined
add()
VM550:4 23
undefined
x1
VM566:1 Uncaught ReferenceError: x1 is not defined
    at <anonymous>:1:1
(anonymous) @ VM566:1
arr
(9) [1, 2, 2, 3, 4, 55, 6, 546, 5765]
for(var i = 0; i<arr.length; i++){
console.log(arr[i]);
}
VM654:2 1
VM654:2 2
VM654:2 2
VM654:2 3
VM654:2 4
VM654:2 55
VM654:2 6
VM654:2 546
VM654:2 5765
undefined
document.write("Hello World");
undefined
document.write("<h1>Hello World</h1>");
undefined
document.write(arr);
undefined
